
-----
Test: test1.py::test_1 (call)
Start time: 2025-04-20 20:30:14.007506
Start name method: select city

End time: 2025-04-20 20:30:23.676200
End name method: select city
URL: https://www.citilink.ru/

-----

-----
Test: test1.py::test_1 (call)
Start time: 2025-04-20 20:30:23.676622
Start name method: set value search

End time: 2025-04-20 20:30:30.473136
End name method: set value search
URL: https://www.citilink.ru/catalog/stiralnye-mashiny/

-----

-----
Test: test1.py::test_1 (call)
Start time: 2025-04-20 20:30:30.473522
Start name method: select popular button

End time: 2025-04-20 20:30:32.776642
End name method: select popular button
URL: https://www.citilink.ru/catalog/stiralnye-mashiny-s-sushkoi/?ref=mainmenu_set

-----

-----
Test: test1.py::test_1 (call)
Start time: 2025-04-20 20:30:32.777265
Start name method: input price filter1

End time: 2025-04-20 20:30:34.235759
End name method: input price filter2
URL: https://www.citilink.ru/catalog/stiralnye-mashiny-s-sushkoi/?ref=mainmenu_set

-----

-----
Test: test1.py::test_1 (call)
Start time: 2025-04-20 20:30:34.236189
Start name method: select shop filter link

End time: 2025-04-20 20:30:34.346636
End name method: select shop filter link
URL: https://www.citilink.ru/catalog/stiralnye-mashiny-s-sushkoi/?ref=mainmenu_set

-----

-----
Test: test1.py::test_1 (call)
Start time: 2025-04-20 20:30:34.347152
Start name method: set checkbox city filter

End time: 2025-04-20 20:30:34.556585
End name method: set checkbox city filter
URL: https://www.citilink.ru/catalog/stiralnye-mashiny-s-sushkoi/?ref=mainmenu_set

-----

-----
Test: test1.py::test_1 (call)
Start time: 2025-04-20 20:30:34.556923
Start name method: checkbox zab5min

End time: 2025-04-20 20:30:34.800605
End name method: checkbox zab5min
URL: https://www.citilink.ru/catalog/stiralnye-mashiny-s-sushkoi/?ref=mainmenu_set

-----

-----
Test: test1.py::test_1 (call)
Start time: 2025-04-20 20:30:34.823009
Start name method: radiobutton 5percent

End time: 2025-04-20 20:30:35.098598
End name method: radiobutton 5percent
URL: https://www.citilink.ru/catalog/stiralnye-mashiny-s-sushkoi/?ref=mainmenu_set

-----

-----
Test: test1.py::test_1 (call)
Start time: 2025-04-20 20:31:00.112313
Start name method: select button apply filter

End time: 2025-04-20 20:31:00.370729
End name method: select button apply filter
URL: https://www.citilink.ru/catalog/stiralnye-mashiny-s-sushkoi/?ref=mainmenu_set

-----

-----
Test: test1.py::test_1 (call)
Start time: 2025-04-20 20:31:15.371694
Start name method: get product name, price

End time: 2025-04-20 20:31:15.434458
End name method: get product name, price
URL: https://www.citilink.ru/catalog/stiralnye-mashiny-s-sushkoi/?ref=mainmenu_set&pf=rating.any%2Cdiscount.any&f=rating.any%2Cavailable.20%2Cavailable.instore%2Cdiscount.price1_5&r=price_filter_group_id%3A41000-45000

-----

-----
Test: test1.py::test_1 (call)
Start time: 2025-04-20 20:31:15.434834
Start name method: go product card

End time: 2025-04-20 20:31:18.349702
End name method: go product card
URL: https://www.citilink.ru/product/stiralnaya-mashina-hyundai-wfd8216-kl-a-front-maks-5kg-temno-seryi-2033037/

-----

-----
Test: test1.py::test_1 (call)
Start time: 2025-04-20 20:31:33.350893
Start name method: select full name product

End time: 2025-04-20 20:31:33.391394
End name method: select full name product
URL: https://www.citilink.ru/product/stiralnaya-mashina-hyundai-wfd8216-kl-a-front-maks-5kg-temno-seryi-2033037/

-----

-----
Test: test1.py::test_1 (call)
Start time: 2025-04-20 20:31:33.392438
Start name method: get product price pc

End time: 2025-04-20 20:31:33.429946
End name method: get product price pc
URL: https://www.citilink.ru/product/stiralnaya-mashina-hyundai-wfd8216-kl-a-front-maks-5kg-temno-seryi-2033037/

-----

-----
Test: test1.py::test_1 (call)
Start time: 2025-04-20 20:31:33.430496
Start name method: get product price pc

End time: 2025-04-20 20:31:33.459801
End name method: get product price pc
URL: https://www.citilink.ru/product/stiralnaya-mashina-hyundai-wfd8216-kl-a-front-maks-5kg-temno-seryi-2033037/

-----

-----
Test: test1.py::test_1 (call)
Start time: 2025-04-20 20:31:33.476868
Start name method: add product to basket

End time: 2025-04-20 20:31:33.549346
End name method: add product to basket
URL: https://www.citilink.ru/product/stiralnaya-mashina-hyundai-wfd8216-kl-a-front-maks-5kg-temno-seryi-2033037/

-----

-----
Test: test1.py::test_1 (call)
Start time: 2025-04-20 20:31:33.549735
Start name method: The product has been added to the cart

End time: 2025-04-20 20:31:35.700449
End name method: The product has been added to the cart
URL: https://www.citilink.ru/product/stiralnaya-mashina-hyundai-wfd8216-kl-a-front-maks-5kg-temno-seryi-2033037/

-----

-----
Test: test1.py::test_1 (call)
Start time: 2025-04-20 20:31:35.701070
Start name method: select name product

End time: 2025-04-20 20:31:35.735200
End name method: select name product
URL: https://www.citilink.ru/product/stiralnaya-mashina-hyundai-wfd8216-kl-a-front-maks-5kg-temno-seryi-2033037/

-----

-----
Test: test1.py::test_1 (call)
Start time: 2025-04-20 20:31:35.735685
Start name method: select product price

End time: 2025-04-20 20:31:35.762542
End name method: select product price
URL: https://www.citilink.ru/product/stiralnaya-mashina-hyundai-wfd8216-kl-a-front-maks-5kg-temno-seryi-2033037/

-----

-----
Test: test1.py::test_1 (call)
Start time: 2025-04-20 20:31:35.789541
Start name method: select button go basket

End time: 2025-04-20 20:31:39.804642
End name method: select button go basket
URL: https://www.citilink.ru/order/

-----

-----
Test: test1.py::test_1 (call)
Start time: 2025-04-20 20:31:39.841926
Start name method: select product name

End time: 2025-04-20 20:31:40.375487
End name method: select product name
URL: https://www.citilink.ru/order/

-----

-----
Test: test1.py::test_1 (call)
Start time: 2025-04-20 20:31:40.375881
Start name method: select product price

End time: 2025-04-20 20:31:40.393434
End name method: select product price
URL: https://www.citilink.ru/order/

-----

-----
Test: test1.py::test_1 (call)
Start time: 2025-04-20 20:31:40.393967
Start name method: click finish button

End time: 2025-04-20 20:31:45.778452
End name method: click finish button
URL: https://www.citilink.ru/order/

-----

-----
Test: test1.py::test_1 (call)
Start time: 2025-04-20 20:31:45.778856
Start name method: select finish_word

End time: 2025-04-20 20:31:45.816830
End name method: select finish_word
URL: https://www.citilink.ru/order/

-----
